<?xml version="1.0" encoding="UTF-8"?>
<!-- Generated by org.testng.reporters.JUnitXMLReporter -->
<testsuite hostname="SARAGARW-LAP" ignored="0" name="Test" tests="43" failures="3" timestamp="30 Jan 2018 09:42:36 GMT" time="0.889" errors="0">
  <testcase name="testcase" time="0.008" classname="com.Annotations.ParamWithExcel"/>
  <testcase name="testcase" time="0.002" classname="com.Annotations.ParamWithExcel"/>
  <testcase name="testcase" time="0.001" classname="com.Annotations.ParamWithExcel"/>
  <testcase name="testcase" time="0.006" classname="com.Annotations.ParamWithExcel"/>
  <testcase name="testcase" time="0.004" classname="com.Annotations.ParamWithExcel"/>
  <testcase name="testcase" time="0.002" classname="com.Annotations.ParamWithExcel"/>
  <testcase name="testcase" time="0.001" classname="com.Annotations.ParamWithExcel"/>
  <testcase name="testcase" time="0.004" classname="com.Annotations.ParamWithExcel"/>
  <testcase name="testcase" time="0.001" classname="com.Annotations.ParamWithExcel"/>
  <testcase name="testcase" time="0.003" classname="com.Annotations.ParamWithExcel"/>
  <testcase name="testcase" time="0.001" classname="com.Annotations.ParamWithExcel"/>
  <testcase name="testcase" time="0.001" classname="com.Annotations.ParamWithExcel"/>
  <testcase name="testcase" time="0.004" classname="com.Annotations.ParamWithExcel"/>
  <testcase name="testcase" time="0.009" classname="com.Annotations.ParamWithExcel"/>
  <testcase name="testcase" time="0.001" classname="com.Annotations.ParamWithExcel"/>
  <testcase name="testcase" time="0.001" classname="com.Annotations.ParamWithExcel"/>
  <testcase name="testcase" time="0.006" classname="com.Annotations.OneMoreAssertion">
    <failure type="java.lang.AssertionError" message="The following asserts failed:
	checking existence of window expected [false] but found [true]">
      <![CDATA[java.lang.AssertionError: The following asserts failed:checking existence of window expected [false] but found [true]at com.Annotations.OneMoreAssertion.testcase(OneMoreAssertion.java:22)... Removed 26 stack frames]]>
    </failure>
  </testcase> <!-- testcase -->
  <testcase name="testcase" time="0.001" classname="com.Annotations.HardAssertionExample"/>
  <testcase name="testcase1" time="0.001" classname="com.Annotations.FetchDataFromDataPool"/>
  <testcase name="testcase1" time="0.003" classname="com.Annotations.FetchDataFromDataPool"/>
  <testcase name="testcase1" time="0.001" classname="com.Annotations.FetchDataFromDataPool"/>
  <testcase name="testcase1" time="0.001" classname="com.Annotations.FetchDataFromDataPool"/>
  <testcase name="testcase1" time="0.001" classname="com.Annotations.FetchDataFromDataPool"/>
  <testcase name="testcase1" time="0.005" classname="com.Annotations.FetchDataFromDataPool"/>
  <testcase name="testcase1" time="0.003" classname="com.Annotations.FetchDataFromDataPool"/>
  <testcase name="testcase1" time="0.001" classname="com.Annotations.FetchDataFromDataPool"/>
  <testcase name="testcase1" time="0.001" classname="com.Annotations.FetchDataFromDataPool"/>
  <testcase name="testcase1" time="0.002" classname="com.Annotations.FetchDataFromDataPool"/>
  <testcase name="testcase1" time="0.001" classname="com.Annotations.FetchDataFromDataPool"/>
  <testcase name="testcase1" time="0.002" classname="com.Annotations.FetchDataFromDataPool"/>
  <testcase name="testcase1" time="0.001" classname="com.Annotations.FetchDataFromDataPool"/>
  <testcase name="testcase1" time="0.002" classname="com.Annotations.FetchDataFromDataPool"/>
  <testcase name="testcase1" time="0.002" classname="com.Annotations.FetchDataFromDataPool"/>
  <testcase name="testcase1" time="0.002" classname="com.Annotations.FetchDataFromDataPool"/>
  <testcase name="testcase" time="0.002" classname="com.Annotations.SoftAssertExample">
    <failure type="java.lang.AssertionError" message="The following asserts failed:
	Comparing number of links expected [10] but found [12],
	Comparing number of radiobuttons expected [3] but found [2]">
      <![CDATA[java.lang.AssertionError: The following asserts failed:Comparing number of links expected [10] but found [12],Comparing number of radiobuttons expected [3] but found [2]at com.Annotations.SoftAssertExample.testcase(SoftAssertExample.java:26)... Removed 26 stack frames]]>
    </failure>
  </testcase> <!-- testcase -->
  <testcase name="testcase1" time="0.001" classname="com.Annotations.Param"/>
  <testcase name="testcase1" time="0.001" classname="com.Annotations.Param"/>
  <testcase name="testcase1" time="0.007" classname="com.Annotations.Param"/>
  <testcase name="testcase" time="0.001" classname="com.Annotations.FailMethod">
    <failure type="java.lang.AssertionError" message="The following asserts failed:
	Comparing two strings [Bangalore] and [Bengaluru]">
      <![CDATA[java.lang.AssertionError: The following asserts failed:Comparing two strings [Bangalore] and [Bengaluru]at com.Annotations.FailMethod.testcase(FailMethod.java:20)... Removed 26 stack frames]]>
    </failure>
  </testcase> <!-- testcase -->
  <testcase name="testcase1" time="0.003" classname="com.Annotations.Annot"/>
  <testcase name="testcase2" time="0.001" classname="com.Annotations.Annot"/>
  <testcase name="testcase3" time="0.001" classname="com.Annotations.Annot"/>
  <testcase name="workwithexcel" time="0.079" classname="com.Annotations.WorkWithExcel"/>
</testsuite> <!-- Test -->
