<html>
<head>
<title>TestNG:  Test</title>
<link href="../testng.css" rel="stylesheet" type="text/css" />
<link href="../my-testng.css" rel="stylesheet" type="text/css" />

<style type="text/css">
.log { display: none;} 
.stack-trace { display: none;} 
</style>
<script type="text/javascript">
<!--
function flip(e) {
  current = e.style.display;
  if (current == 'block') {
    e.style.display = 'none';
    return 0;
  }
  else {
    e.style.display = 'block';
    return 1;
  }
}

function toggleBox(szDivId, elem, msg1, msg2)
{
  var res = -1;  if (document.getElementById) {
    res = flip(document.getElementById(szDivId));
  }
  else if (document.all) {
    // this is the way old msie versions work
    res = flip(document.all[szDivId]);
  }
  if(elem) {
    if(res == 0) elem.innerHTML = msg1; else elem.innerHTML = msg2;
  }

}

function toggleAllBoxes() {
  if (document.getElementsByTagName) {
    d = document.getElementsByTagName('div');
    for (i = 0; i < d.length; i++) {
      if (d[i].className == 'log') {
        flip(d[i]);
      }
    }
  }
}

// -->
</script>

</head>
<body>
<h2 align='center'>Test</h2><table border='1' align="center">
<tr>
<td>Tests passed/Failed/Skipped:</td><td>40/3/0</td>
</tr><tr>
<td>Started on:</td><td>Tue Jan 30 15:12:35 IST 2018</td>
</tr>
<tr><td>Total time:</td><td>0 seconds (889 ms)</td>
</tr><tr>
<td>Included groups:</td><td></td>
</tr><tr>
<td>Excluded groups:</td><td></td>
</tr>
</table><p/>
<small><i>(Hover the method name to see the test class name)</i></small><p/>
<table width='100%' border='1' class='invocation-failed'>
<tr><td colspan='4' align='center'><b>FAILED TESTS</b></td></tr>
<tr><td><b>Test method</b></td>
<td width="30%"><b>Exception</b></td>
<td width="10%"><b>Time (seconds)</b></td>
<td><b>Instance</b></td>
</tr>
<tr>
<td title='com.Annotations.OneMoreAssertion.testcase()'><b>testcase</b><br>Test class: com.Annotations.OneMoreAssertion</td>
<td><div><pre>java.lang.AssertionError: The following asserts failed:
	checking existence of window expected [false] but found [true]
	at com.Annotations.OneMoreAssertion.testcase(OneMoreAssertion.java:22)
... Removed 26 stack frames</pre></div><a href='#' onClick='toggleBox("stack-trace1365008457", this, "Click to show all stack frames", "Click to hide stack frames")'>Click to show all stack frames</a>
<div class='stack-trace' id='stack-trace1365008457'><pre>java.lang.AssertionError: The following asserts failed:
	checking existence of window expected [false] but found [true]
	at org.testng.asserts.SoftAssert.assertAll(SoftAssert.java:43)
	at com.Annotations.OneMoreAssertion.testcase(OneMoreAssertion.java:22)
	at sun.reflect.NativeMethodAccessorImpl.invoke0(Native Method)
	at sun.reflect.NativeMethodAccessorImpl.invoke(Unknown Source)
	at sun.reflect.DelegatingMethodAccessorImpl.invoke(Unknown Source)
	at java.lang.reflect.Method.invoke(Unknown Source)
	at org.testng.internal.MethodInvocationHelper.invokeMethod(MethodInvocationHelper.java:124)
	at org.testng.internal.Invoker.invokeMethod(Invoker.java:571)
	at org.testng.internal.Invoker.invokeTestMethod(Invoker.java:707)
	at org.testng.internal.Invoker.invokeTestMethods(Invoker.java:979)
	at org.testng.internal.TestMethodWorker.invokeTestMethods(TestMethodWorker.java:125)
	at org.testng.internal.TestMethodWorker.run(TestMethodWorker.java:109)
	at org.testng.TestRunner.privateRun(TestRunner.java:648)
	at org.testng.TestRunner.run(TestRunner.java:505)
	at org.testng.SuiteRunner.runTest(SuiteRunner.java:455)
	at org.testng.SuiteRunner.runSequentially(SuiteRunner.java:450)
	at org.testng.SuiteRunner.privateRun(SuiteRunner.java:415)
	at org.testng.SuiteRunner.run(SuiteRunner.java:364)
	at org.testng.SuiteRunnerWorker.runSuite(SuiteRunnerWorker.java:52)
	at org.testng.SuiteRunnerWorker.run(SuiteRunnerWorker.java:84)
	at org.testng.TestNG.runSuitesSequentially(TestNG.java:1187)
	at org.testng.TestNG.runSuitesLocally(TestNG.java:1116)
	at org.testng.TestNG.runSuites(TestNG.java:1028)
	at org.testng.TestNG.run(TestNG.java:996)
	at org.testng.remote.AbstractRemoteTestNG.run(AbstractRemoteTestNG.java:114)
	at org.testng.remote.RemoteTestNG.initAndRun(RemoteTestNG.java:251)
	at org.testng.remote.RemoteTestNG.main(RemoteTestNG.java:77)
</pre></div></td>
<td>0</td>
<td>com.Annotations.OneMoreAssertion@724af044</td></tr>
<tr>
<td title='com.Annotations.SoftAssertExample.testcase()'><b>testcase</b><br>Test class: com.Annotations.SoftAssertExample</td>
<td><div><pre>java.lang.AssertionError: The following asserts failed:
	Comparing number of links expected [10] but found [12],
	Comparing number of radiobuttons expected [3] but found [2]
	at com.Annotations.SoftAssertExample.testcase(SoftAssertExample.java:26)
... Removed 26 stack frames</pre></div><a href='#' onClick='toggleBox("stack-trace1971764991", this, "Click to show all stack frames", "Click to hide stack frames")'>Click to show all stack frames</a>
<div class='stack-trace' id='stack-trace1971764991'><pre>java.lang.AssertionError: The following asserts failed:
	Comparing number of links expected [10] but found [12],
	Comparing number of radiobuttons expected [3] but found [2]
	at org.testng.asserts.SoftAssert.assertAll(SoftAssert.java:43)
	at com.Annotations.SoftAssertExample.testcase(SoftAssertExample.java:26)
	at sun.reflect.NativeMethodAccessorImpl.invoke0(Native Method)
	at sun.reflect.NativeMethodAccessorImpl.invoke(Unknown Source)
	at sun.reflect.DelegatingMethodAccessorImpl.invoke(Unknown Source)
	at java.lang.reflect.Method.invoke(Unknown Source)
	at org.testng.internal.MethodInvocationHelper.invokeMethod(MethodInvocationHelper.java:124)
	at org.testng.internal.Invoker.invokeMethod(Invoker.java:571)
	at org.testng.internal.Invoker.invokeTestMethod(Invoker.java:707)
	at org.testng.internal.Invoker.invokeTestMethods(Invoker.java:979)
	at org.testng.internal.TestMethodWorker.invokeTestMethods(TestMethodWorker.java:125)
	at org.testng.internal.TestMethodWorker.run(TestMethodWorker.java:109)
	at org.testng.TestRunner.privateRun(TestRunner.java:648)
	at org.testng.TestRunner.run(TestRunner.java:505)
	at org.testng.SuiteRunner.runTest(SuiteRunner.java:455)
	at org.testng.SuiteRunner.runSequentially(SuiteRunner.java:450)
	at org.testng.SuiteRunner.privateRun(SuiteRunner.java:415)
	at org.testng.SuiteRunner.run(SuiteRunner.java:364)
	at org.testng.SuiteRunnerWorker.runSuite(SuiteRunnerWorker.java:52)
	at org.testng.SuiteRunnerWorker.run(SuiteRunnerWorker.java:84)
	at org.testng.TestNG.runSuitesSequentially(TestNG.java:1187)
	at org.testng.TestNG.runSuitesLocally(TestNG.java:1116)
	at org.testng.TestNG.runSuites(TestNG.java:1028)
	at org.testng.TestNG.run(TestNG.java:996)
	at org.testng.remote.AbstractRemoteTestNG.run(AbstractRemoteTestNG.java:114)
	at org.testng.remote.RemoteTestNG.initAndRun(RemoteTestNG.java:251)
	at org.testng.remote.RemoteTestNG.main(RemoteTestNG.java:77)
</pre></div></td>
<td>0</td>
<td>com.Annotations.SoftAssertExample@55f3ddb1</td></tr>
<tr>
<td title='com.Annotations.FailMethod.testcase()'><b>testcase</b><br>Test class: com.Annotations.FailMethod</td>
<td><div><pre>java.lang.AssertionError: The following asserts failed:
	Comparing two strings [Bangalore] and [Bengaluru]
	at com.Annotations.FailMethod.testcase(FailMethod.java:20)
... Removed 26 stack frames</pre></div><a href='#' onClick='toggleBox("stack-trace793331940", this, "Click to show all stack frames", "Click to hide stack frames")'>Click to show all stack frames</a>
<div class='stack-trace' id='stack-trace793331940'><pre>java.lang.AssertionError: The following asserts failed:
	Comparing two strings [Bangalore] and [Bengaluru]
	at org.testng.asserts.SoftAssert.assertAll(SoftAssert.java:43)
	at com.Annotations.FailMethod.testcase(FailMethod.java:20)
	at sun.reflect.NativeMethodAccessorImpl.invoke0(Native Method)
	at sun.reflect.NativeMethodAccessorImpl.invoke(Unknown Source)
	at sun.reflect.DelegatingMethodAccessorImpl.invoke(Unknown Source)
	at java.lang.reflect.Method.invoke(Unknown Source)
	at org.testng.internal.MethodInvocationHelper.invokeMethod(MethodInvocationHelper.java:124)
	at org.testng.internal.Invoker.invokeMethod(Invoker.java:571)
	at org.testng.internal.Invoker.invokeTestMethod(Invoker.java:707)
	at org.testng.internal.Invoker.invokeTestMethods(Invoker.java:979)
	at org.testng.internal.TestMethodWorker.invokeTestMethods(TestMethodWorker.java:125)
	at org.testng.internal.TestMethodWorker.run(TestMethodWorker.java:109)
	at org.testng.TestRunner.privateRun(TestRunner.java:648)
	at org.testng.TestRunner.run(TestRunner.java:505)
	at org.testng.SuiteRunner.runTest(SuiteRunner.java:455)
	at org.testng.SuiteRunner.runSequentially(SuiteRunner.java:450)
	at org.testng.SuiteRunner.privateRun(SuiteRunner.java:415)
	at org.testng.SuiteRunner.run(SuiteRunner.java:364)
	at org.testng.SuiteRunnerWorker.runSuite(SuiteRunnerWorker.java:52)
	at org.testng.SuiteRunnerWorker.run(SuiteRunnerWorker.java:84)
	at org.testng.TestNG.runSuitesSequentially(TestNG.java:1187)
	at org.testng.TestNG.runSuitesLocally(TestNG.java:1116)
	at org.testng.TestNG.runSuites(TestNG.java:1028)
	at org.testng.TestNG.run(TestNG.java:996)
	at org.testng.remote.AbstractRemoteTestNG.run(AbstractRemoteTestNG.java:114)
	at org.testng.remote.RemoteTestNG.initAndRun(RemoteTestNG.java:251)
	at org.testng.remote.RemoteTestNG.main(RemoteTestNG.java:77)
</pre></div></td>
<td>0</td>
<td>com.Annotations.FailMethod@8bd1b6a</td></tr>
</table><p>
<table width='100%' border='1' class='invocation-passed'>
<tr><td colspan='4' align='center'><b>PASSED TESTS</b></td></tr>
<tr><td><b>Test method</b></td>
<td width="30%"><b>Exception</b></td>
<td width="10%"><b>Time (seconds)</b></td>
<td><b>Instance</b></td>
</tr>
<tr>
<td title='com.Annotations.ParamWithExcel.testcase()'><b>testcase</b><br>Test class: com.Annotations.ParamWithExcel<br>Parameters: Name1, Password1</td>
<td></td>
<td>0</td>
<td>com.Annotations.ParamWithExcel@39aeed2f</td></tr>
<tr>
<td title='com.Annotations.ParamWithExcel.testcase()'><b>testcase</b><br>Test class: com.Annotations.ParamWithExcel<br>Parameters: Name2, Password2</td>
<td></td>
<td>0</td>
<td>com.Annotations.ParamWithExcel@39aeed2f</td></tr>
<tr>
<td title='com.Annotations.ParamWithExcel.testcase()'><b>testcase</b><br>Test class: com.Annotations.ParamWithExcel<br>Parameters: Name3, Password3</td>
<td></td>
<td>0</td>
<td>com.Annotations.ParamWithExcel@39aeed2f</td></tr>
<tr>
<td title='com.Annotations.ParamWithExcel.testcase()'><b>testcase</b><br>Test class: com.Annotations.ParamWithExcel<br>Parameters: Name4, Password4</td>
<td></td>
<td>0</td>
<td>com.Annotations.ParamWithExcel@39aeed2f</td></tr>
<tr>
<td title='com.Annotations.ParamWithExcel.testcase()'><b>testcase</b><br>Test class: com.Annotations.ParamWithExcel<br>Parameters: Name5, Password5</td>
<td></td>
<td>0</td>
<td>com.Annotations.ParamWithExcel@39aeed2f</td></tr>
<tr>
<td title='com.Annotations.ParamWithExcel.testcase()'><b>testcase</b><br>Test class: com.Annotations.ParamWithExcel<br>Parameters: Name6, Password6</td>
<td></td>
<td>0</td>
<td>com.Annotations.ParamWithExcel@39aeed2f</td></tr>
<tr>
<td title='com.Annotations.ParamWithExcel.testcase()'><b>testcase</b><br>Test class: com.Annotations.ParamWithExcel<br>Parameters: Name7, Password7</td>
<td></td>
<td>0</td>
<td>com.Annotations.ParamWithExcel@39aeed2f</td></tr>
<tr>
<td title='com.Annotations.ParamWithExcel.testcase()'><b>testcase</b><br>Test class: com.Annotations.ParamWithExcel<br>Parameters: Name8, Password8</td>
<td></td>
<td>0</td>
<td>com.Annotations.ParamWithExcel@39aeed2f</td></tr>
<tr>
<td title='com.Annotations.ParamWithExcel.testcase()'><b>testcase</b><br>Test class: com.Annotations.ParamWithExcel<br>Parameters: Name9, Password9</td>
<td></td>
<td>0</td>
<td>com.Annotations.ParamWithExcel@39aeed2f</td></tr>
<tr>
<td title='com.Annotations.ParamWithExcel.testcase()'><b>testcase</b><br>Test class: com.Annotations.ParamWithExcel<br>Parameters: Name10, Password10</td>
<td></td>
<td>0</td>
<td>com.Annotations.ParamWithExcel@39aeed2f</td></tr>
<tr>
<td title='com.Annotations.ParamWithExcel.testcase()'><b>testcase</b><br>Test class: com.Annotations.ParamWithExcel<br>Parameters: Name11, Password11</td>
<td></td>
<td>0</td>
<td>com.Annotations.ParamWithExcel@39aeed2f</td></tr>
<tr>
<td title='com.Annotations.ParamWithExcel.testcase()'><b>testcase</b><br>Test class: com.Annotations.ParamWithExcel<br>Parameters: Name12, Password12</td>
<td></td>
<td>0</td>
<td>com.Annotations.ParamWithExcel@39aeed2f</td></tr>
<tr>
<td title='com.Annotations.ParamWithExcel.testcase()'><b>testcase</b><br>Test class: com.Annotations.ParamWithExcel<br>Parameters: Name13, Password13</td>
<td></td>
<td>0</td>
<td>com.Annotations.ParamWithExcel@39aeed2f</td></tr>
<tr>
<td title='com.Annotations.ParamWithExcel.testcase()'><b>testcase</b><br>Test class: com.Annotations.ParamWithExcel<br>Parameters: Name14, Password14</td>
<td></td>
<td>0</td>
<td>com.Annotations.ParamWithExcel@39aeed2f</td></tr>
<tr>
<td title='com.Annotations.ParamWithExcel.testcase()'><b>testcase</b><br>Test class: com.Annotations.ParamWithExcel<br>Parameters: Name15, Password15</td>
<td></td>
<td>0</td>
<td>com.Annotations.ParamWithExcel@39aeed2f</td></tr>
<tr>
<td title='com.Annotations.ParamWithExcel.testcase()'><b>testcase</b><br>Test class: com.Annotations.ParamWithExcel<br>Parameters: Name16, Password16</td>
<td></td>
<td>0</td>
<td>com.Annotations.ParamWithExcel@39aeed2f</td></tr>
<tr>
<td title='com.Annotations.HardAssertionExample.testcase()'><b>testcase</b><br>Test class: com.Annotations.HardAssertionExample</td>
<td></td>
<td>0</td>
<td>com.Annotations.HardAssertionExample@cc285f4</td></tr>
<tr>
<td title='com.Annotations.FetchDataFromDataPool.testcase1()'><b>testcase1</b><br>Test class: com.Annotations.FetchDataFromDataPool<br>Parameters: Name1, Password1</td>
<td></td>
<td>0</td>
<td>com.Annotations.FetchDataFromDataPool@2b98378d</td></tr>
<tr>
<td title='com.Annotations.FetchDataFromDataPool.testcase1()'><b>testcase1</b><br>Test class: com.Annotations.FetchDataFromDataPool<br>Parameters: Name2, Password2</td>
<td></td>
<td>0</td>
<td>com.Annotations.FetchDataFromDataPool@2b98378d</td></tr>
<tr>
<td title='com.Annotations.FetchDataFromDataPool.testcase1()'><b>testcase1</b><br>Test class: com.Annotations.FetchDataFromDataPool<br>Parameters: Name3, Password3</td>
<td></td>
<td>0</td>
<td>com.Annotations.FetchDataFromDataPool@2b98378d</td></tr>
<tr>
<td title='com.Annotations.FetchDataFromDataPool.testcase1()'><b>testcase1</b><br>Test class: com.Annotations.FetchDataFromDataPool<br>Parameters: Name4, Password4</td>
<td></td>
<td>0</td>
<td>com.Annotations.FetchDataFromDataPool@2b98378d</td></tr>
<tr>
<td title='com.Annotations.FetchDataFromDataPool.testcase1()'><b>testcase1</b><br>Test class: com.Annotations.FetchDataFromDataPool<br>Parameters: Name5, Password5</td>
<td></td>
<td>0</td>
<td>com.Annotations.FetchDataFromDataPool@2b98378d</td></tr>
<tr>
<td title='com.Annotations.FetchDataFromDataPool.testcase1()'><b>testcase1</b><br>Test class: com.Annotations.FetchDataFromDataPool<br>Parameters: Name6, Password6</td>
<td></td>
<td>0</td>
<td>com.Annotations.FetchDataFromDataPool@2b98378d</td></tr>
<tr>
<td title='com.Annotations.FetchDataFromDataPool.testcase1()'><b>testcase1</b><br>Test class: com.Annotations.FetchDataFromDataPool<br>Parameters: Name7, Password7</td>
<td></td>
<td>0</td>
<td>com.Annotations.FetchDataFromDataPool@2b98378d</td></tr>
<tr>
<td title='com.Annotations.FetchDataFromDataPool.testcase1()'><b>testcase1</b><br>Test class: com.Annotations.FetchDataFromDataPool<br>Parameters: Name8, Password8</td>
<td></td>
<td>0</td>
<td>com.Annotations.FetchDataFromDataPool@2b98378d</td></tr>
<tr>
<td title='com.Annotations.FetchDataFromDataPool.testcase1()'><b>testcase1</b><br>Test class: com.Annotations.FetchDataFromDataPool<br>Parameters: Name9, Password9</td>
<td></td>
<td>0</td>
<td>com.Annotations.FetchDataFromDataPool@2b98378d</td></tr>
<tr>
<td title='com.Annotations.FetchDataFromDataPool.testcase1()'><b>testcase1</b><br>Test class: com.Annotations.FetchDataFromDataPool<br>Parameters: Name10, Password10</td>
<td></td>
<td>0</td>
<td>com.Annotations.FetchDataFromDataPool@2b98378d</td></tr>
<tr>
<td title='com.Annotations.FetchDataFromDataPool.testcase1()'><b>testcase1</b><br>Test class: com.Annotations.FetchDataFromDataPool<br>Parameters: Name11, Password11</td>
<td></td>
<td>0</td>
<td>com.Annotations.FetchDataFromDataPool@2b98378d</td></tr>
<tr>
<td title='com.Annotations.FetchDataFromDataPool.testcase1()'><b>testcase1</b><br>Test class: com.Annotations.FetchDataFromDataPool<br>Parameters: Name12, Password12</td>
<td></td>
<td>0</td>
<td>com.Annotations.FetchDataFromDataPool@2b98378d</td></tr>
<tr>
<td title='com.Annotations.FetchDataFromDataPool.testcase1()'><b>testcase1</b><br>Test class: com.Annotations.FetchDataFromDataPool<br>Parameters: Name13, Password13</td>
<td></td>
<td>0</td>
<td>com.Annotations.FetchDataFromDataPool@2b98378d</td></tr>
<tr>
<td title='com.Annotations.FetchDataFromDataPool.testcase1()'><b>testcase1</b><br>Test class: com.Annotations.FetchDataFromDataPool<br>Parameters: Name14, Password14</td>
<td></td>
<td>0</td>
<td>com.Annotations.FetchDataFromDataPool@2b98378d</td></tr>
<tr>
<td title='com.Annotations.FetchDataFromDataPool.testcase1()'><b>testcase1</b><br>Test class: com.Annotations.FetchDataFromDataPool<br>Parameters: Name15, Password15</td>
<td></td>
<td>0</td>
<td>com.Annotations.FetchDataFromDataPool@2b98378d</td></tr>
<tr>
<td title='com.Annotations.FetchDataFromDataPool.testcase1()'><b>testcase1</b><br>Test class: com.Annotations.FetchDataFromDataPool<br>Parameters: Name16, Password16</td>
<td></td>
<td>0</td>
<td>com.Annotations.FetchDataFromDataPool@2b98378d</td></tr>
<tr>
<td title='com.Annotations.Param.testcase1()'><b>testcase1</b><br>Test class: com.Annotations.Param<br>Parameters: Name1, Password1</td>
<td></td>
<td>0</td>
<td>com.Annotations.Param@475530b9</td></tr>
<tr>
<td title='com.Annotations.Param.testcase1()'><b>testcase1</b><br>Test class: com.Annotations.Param<br>Parameters: Name2, Password2</td>
<td></td>
<td>0</td>
<td>com.Annotations.Param@475530b9</td></tr>
<tr>
<td title='com.Annotations.Param.testcase1()'><b>testcase1</b><br>Test class: com.Annotations.Param<br>Parameters: Name3, Password3</td>
<td></td>
<td>0</td>
<td>com.Annotations.Param@475530b9</td></tr>
<tr>
<td title='com.Annotations.Annot.testcase1()'><b>testcase1</b><br>Test class: com.Annotations.Annot</td>
<td></td>
<td>0</td>
<td>com.Annotations.Annot@18be83e4</td></tr>
<tr>
<td title='com.Annotations.Annot.testcase2()'><b>testcase2</b><br>Test class: com.Annotations.Annot</td>
<td></td>
<td>0</td>
<td>com.Annotations.Annot@18be83e4</td></tr>
<tr>
<td title='com.Annotations.Annot.testcase3()'><b>testcase3</b><br>Test class: com.Annotations.Annot</td>
<td></td>
<td>0</td>
<td>com.Annotations.Annot@18be83e4</td></tr>
<tr>
<td title='com.Annotations.WorkWithExcel.workwithexcel()'><b>workwithexcel</b><br>Test class: com.Annotations.WorkWithExcel</td>
<td></td>
<td>0</td>
<td>com.Annotations.WorkWithExcel@cb5822</td></tr>
</table><p>
</body>
</html>